QCEngine selected.
18 internal coordinates being used (instead of 18 Cartesians)
Internal coordinate system (atoms numbered from 1):
Distance 1-2
Distance 1-4
Distance 2-3
Distance 5-6
Angle 2-1-4
Angle 1-2-3
Dihedral 4-1-2-3
Translation-X 1-4
Translation-X 5-6
Translation-Y 1-4
Translation-Y 5-6
Translation-Z 1-4
Translation-Z 5-6
Rotation-A 1-4
Rotation-A 5-6
Rotation-B 1-4
Rotation-B 5-6
Rotation-C 1-4
Rotation-C 5-6
<class 'geometric.internal.Distance'> : 4
<class 'geometric.internal.Angle'> : 2
<class 'geometric.internal.Dihedral'> : 1
<class 'geometric.internal.TranslationX'> : 2
<class 'geometric.internal.TranslationY'> : 2
<class 'geometric.internal.TranslationZ'> : 2
<class 'geometric.internal.RotationA'> : 2
<class 'geometric.internal.RotationB'> : 2
<class 'geometric.internal.RotationC'> : 2
> ===== Optimization Info: ====
> Job type: Transition state optimization
> Maximum number of optimization cycles: 300
> Initial / maximum trust radius (Angstrom): 0.010 / 0.030
> Convergence Criteria:
> Will converge when all 5 criteria are reached:
>  |Delta-E| < 1.00e-06
>  RMS-Grad  < 3.00e-04
>  Max-Grad  < 4.50e-04
>  RMS-Disp  < 1.20e-03
>  Max-Disp  < 1.80e-03
> === End Optimization Info ===
>> Using Hessian data provided via params...
>> Initial Cartesian Hessian Eigenvalues
Hessian Eigenvalues:  -2.087e-02 -2.345e-04 -2.903e-05 -2.066e-16  1.234e-17  1.795e-16  3.663e-05
 6.708e-04  3.922e-03  2.853e-02  4.940e-02  6.170e-02    .....    7.703e-01  1.936e+00  2.324e+00

== Summary of harmonic free energy analysis ==
Note: Rotational symmetry is set to 1 regardless of true symmetry
1 Imaginary Frequencies (cm^-1): 252.383i
Note: Free energy does not include contribution from imaginary mode(s)

Free energy contributions calculated at @ 300.00 K:
Zero-point vibrational energy:                                   20.5619 kcal/mol 
H   (Trans + Rot + Vib = Tot):   1.4904 +   0.8942 +   1.4287 =   3.8134 kcal/mol 
S   (Trans + Rot + Vib = Tot):  37.8288 +  23.6654 +  10.5371 =  72.0313 cal/mol/K
TS  (Trans + Rot + Vib = Tot):  11.3486 +   7.0996 +   3.1611 =  21.6094 kcal/mol 

Ground State Electronic Energy    : E0                        =  -170.14458582 au (   -106767.3396 kcal/mol)
Free Energy Correction (Harmonic) : ZPVE + [H-TS]_T,R,V       =     0.00440772 au (         2.7659 kcal/mol)
Gibbs Free Energy (Harmonic)      : E0 + ZPVE + [H-TS]_T,R,V  =  -170.14017810 au (   -106764.5737 kcal/mol)

Vibrational analysis written to qce.vdata_first
Step    0 : Gradient = 5.283e-04/7.987e-04 (rms/max) Energy = -170.1445858226
Hessian Eigenvalues:  -3.745e-02 -2.212e-04 -4.246e-05 -4.914e-17  3.439e-17  3.256e-16  1.103e-04
 2.076e-03  4.494e-03  2.127e-02  3.303e-02  6.821e-02    .....    4.030e-01  8.432e-01  1.162e+00
Step    1 : Displace = [0m1.038e-02[0m/[0m1.635e-02[0m (rms/max) Trust = 1.000e-02 (=) Grad = [0m4.757e-04[0m/[0m7.849e-04[0m (rms/max) E (change) = -170.1446418375 ([0m-5.601e-05[0m) Quality = [0m0.996[0m
Hessian Eigenvalues:  -3.748e-02 -2.212e-04 -4.605e-05 -1.059e-06  8.278e-17  1.227e-10  1.104e-04
 1.944e-03  4.494e-03  2.127e-02  3.303e-02  6.817e-02    .....    4.030e-01  8.431e-01  1.162e+00
Step    2 : Displace = [0m1.447e-02[0m/[0m2.358e-02[0m (rms/max) Trust = 1.414e-02 ([92m+[0m) Grad = [0m4.646e-04[0m/[0m7.738e-04[0m (rms/max) E (change) = -170.1447166246 ([0m-7.479e-05[0m) Quality = [0m0.999[0m
Hessian Eigenvalues:  -3.751e-02 -2.212e-04 -4.625e-05 -1.513e-06 -6.074e-08  2.333e-11  1.104e-04
 1.668e-03  4.494e-03  2.127e-02  3.303e-02  6.814e-02    .....    4.030e-01  8.431e-01  1.162e+00
Step    3 : Displace = [0m2.031e-02[0m/[0m3.342e-02[0m (rms/max) Trust = 2.000e-02 ([92m+[0m) Grad = [0m4.598e-04[0m/[0m7.455e-04[0m (rms/max) E (change) = -170.1448175070 ([0m-1.009e-04[0m) Quality = [0m0.999[0m
Hessian Eigenvalues:  -3.748e-02 -2.212e-04 -4.460e-05 -1.646e-06 -1.978e-07  2.516e-11  1.104e-04
 1.525e-03  4.494e-03  2.127e-02  3.303e-02  6.812e-02    .....    4.030e-01  8.431e-01  1.162e+00
Step    4 : Displace = [0m2.866e-02[0m/[0m4.721e-02[0m (rms/max) Trust = 2.828e-02 ([92m+[0m) Grad = [0m4.765e-04[0m/[0m6.975e-04[0m (rms/max) E (change) = -170.1449512742 ([0m-1.338e-04[0m) Quality = [0m0.996[0m
Hessian Eigenvalues:  -3.740e-02 -2.212e-04 -4.361e-05 -2.226e-07 -1.300e-09  4.281e-07  1.104e-04
 1.799e-03  4.494e-03  2.127e-02  3.303e-02  6.812e-02    .....    4.030e-01  8.432e-01  1.162e+00
Step    5 : Displace = [0m3.030e-02[0m/[0m4.997e-02[0m (rms/max) Trust = 3.000e-02 ([92m+[0m) Grad = [0m4.828e-04[0m/[0m6.244e-04[0m (rms/max) E (change) = -170.1450786878 ([0m-1.274e-04[0m) Quality = [0m0.995[0m
Hessian Eigenvalues:  -3.726e-02 -2.212e-04 -4.283e-05 -3.684e-07 -1.690e-07  8.445e-10  1.104e-04
 2.387e-03  4.494e-03  2.127e-02  3.303e-02  6.814e-02    .....    4.030e-01  8.433e-01  1.162e+00
Step    6 : Displace = [0m3.036e-02[0m/[0m5.028e-02[0m (rms/max) Trust = 3.000e-02 (=) Grad = [0m4.471e-04[0m/[0m6.155e-04[0m (rms/max) E (change) = -170.1451871127 ([0m-1.084e-04[0m) Quality = [0m0.992[0m
Hessian Eigenvalues:  -3.714e-02 -2.212e-04 -4.225e-05 -8.043e-07  5.613e-10  1.094e-06  1.104e-04
 2.990e-03  4.494e-03  2.127e-02  3.303e-02  6.815e-02    .....    4.030e-01  8.434e-01  1.162e+00
Step    7 : Displace = [0m3.064e-02[0m/[0m5.111e-02[0m (rms/max) Trust = 3.000e-02 (=) Grad = [0m3.985e-04[0m/[0m6.013e-04[0m (rms/max) E (change) = -170.1452711813 ([0m-8.407e-05[0m) Quality = [0m0.965[0m
Hessian Eigenvalues:  -3.705e-02 -2.212e-04 -4.155e-05 -2.650e-06  1.301e-09  8.829e-07  1.104e-04
 4.005e-03  4.494e-03  2.127e-02  3.303e-02  6.816e-02    .....    4.030e-01  8.436e-01  1.163e+00
Step    8 : Displace = [0m3.006e-02[0m/[0m5.063e-02[0m (rms/max) Trust = 3.000e-02 (=) Grad = [0m3.340e-04[0m/[0m5.174e-04[0m (rms/max) E (change) = -170.1453236309 ([0m-5.245e-05[0m) Quality = [0m0.971[0m
Hessian Eigenvalues:  -3.696e-02 -2.211e-04 -4.661e-05 -5.116e-07  2.069e-09  1.184e-05  1.104e-04
 4.494e-03  4.908e-03  2.127e-02  3.303e-02  6.816e-02    .....    4.030e-01  8.438e-01  1.163e+00
Step    9 : Displace = [0m2.897e-02[0m/[0m4.953e-02[0m (rms/max) Trust = 3.000e-02 (=) Grad = [92m2.777e-04[0m/[92m4.398e-04[0m (rms/max) E (change) = -170.1453408567 ([0m-1.723e-05[0m) Quality = [0m0.821[0m
Hessian Eigenvalues:  -3.693e-02 -2.212e-04 -4.824e-05 -5.559e-06  4.631e-09  3.543e-05  1.105e-04
 4.494e-03  5.157e-03  2.127e-02  3.303e-02  6.817e-02    .....    4.030e-01  8.439e-01  1.163e+00
Step   10 : Displace = [0m3.200e-03[0m/[0m4.604e-03[0m (rms/max) Trust = 3.000e-02 (=) Grad = [92m1.019e-04[0m/[92m1.533e-04[0m (rms/max) E (change) = -170.1453411162 ([92m-2.596e-07[0m) Quality = [0m0.090[0m
Poor-quality step dominated by net translation/rotation detected; will project out net forces and torques past this point.
Hessian Eigenvalues:  -3.693e-02 -2.213e-04 -3.057e-05 -5.246e-06  6.946e-09  3.774e-05  1.106e-04
 4.494e-03  5.181e-03  2.127e-02  3.303e-02  6.818e-02    .....    4.030e-01  8.439e-01  1.163e+00
Step   11 : Displace = [0m1.487e-03[0m/[0m2.428e-03[0m (rms/max) Trust = 1.600e-03 ([91m-[0m) Grad = [92m5.200e-05[0m/[92m8.579e-05[0m (rms/max) E (change) = -170.1453412159 ([92m-9.965e-08[0m) Quality = [0m0.097[0m
Hessian Eigenvalues:  -3.692e-02 -2.201e-04 -6.866e-06  4.909e-09  3.564e-05  1.091e-04  2.883e-04
 4.495e-03  5.218e-03  2.127e-02  3.304e-02  6.826e-02    .....    4.030e-01  8.441e-01  1.163e+00
Step   12 : Displace = [92m7.833e-04[0m/[92m1.289e-03[0m (rms/max) Trust = 7.436e-04 ([91m-[0m) Grad = [92m1.412e-05[0m/[92m2.208e-05[0m (rms/max) E (change) = -170.1453412053 ([92m+1.056e-08[0m) Quality = [91m-0.234[0m
Hessian Eigenvalues:  -3.692e-02 -2.201e-04 -6.866e-06  4.909e-09  3.564e-05  1.091e-04  2.883e-04
 4.495e-03  5.218e-03  2.127e-02  3.304e-02  6.826e-02    .....    4.030e-01  8.441e-01  1.163e+00
Converged! =D
