Starting service: neb at 2022-11-09 01:40:43.771693

Created NEB calculation
keywords            value
------------------  -------
align_chain         False
average_force       0.025
coordinate_system   tric
energy_weighted
epsilon             1e-05
hessian_reset       True
images              21
maximum_cycle       100
maximum_force       0.05
optimize_endpoints  False
optimize_ts         True
spring_constant     0.1
spring_type         0

keywords    value
----------  --------
basis       6-31g*
driver      gradient
keywords    {}
method      b3lyp
program     psi4
protocols   {}

21 images will be used to guess a transition state structure.
Molecular formula = C3H2N

Evening out spacings: Deleted image 18 and added a new image between  3 and  4
Image Number          :     0       1       2       3       4       5       6       7       8       9      10      11      12      13      14      15      16      17      18      19      20  
Spacing (Ang)     Old :       0.068   0.069   0.069   0.139   0.070   0.070   0.070   0.070   0.070   0.070   0.070   0.070   0.070   0.070   0.069   0.068   0.134   0.066   0.065   0.067 
                  New :       0.068   0.069   0.069   0.069   0.069   0.070   0.070   0.070   0.070   0.070   0.070   0.070   0.070   0.070   0.070   0.069   0.068   0.134   0.131   0.067 


-=# Chain optimization cycle 0 #=-
Spring Force: 0.10 kcal/mol/Ang^2
Metric completed in 0.003 seconds, maxerr = 0.000e+00
Image Number          :     0       1       2       3       4       5       6       7       8       9      10      11      12      13      14      15      16      17      18      19      20  
                        [94m  (min)[0m   ---->   ---->   ---->   ---->   ---->   ---->   ---->   ---->   ---->   ---->   (max)   <----   <----   <----   <----   <----   <----   <----   <---- [94m  (min)[0m
Energies  (kcal/mol)  :   5.094   5.725   7.672  10.864  15.212  20.796  27.241  34.099  40.811  46.472  50.242  51.607  50.554  47.460  42.873  37.346  31.381  25.535  12.852   2.044   0.000
Spacing (Ang)         :       0.068   0.069   0.069   0.069   0.069   0.070   0.070   0.070   0.070   0.070   0.070   0.070   0.070   0.070   0.070   0.069   0.068   0.134   0.131   0.067 
Gradients (eV/Ang)    :   0.003   0.524   1.003   1.442   1.867   2.221   2.542   2.782   2.926   2.956   2.875   2.697   2.443   2.129   1.778   1.428   1.131   1.012   1.161   0.815   0.001
Straightness          :   1.000   0.999   0.999   0.997   1.000   0.997   0.998   0.999   0.999   0.999   0.999   0.999   0.999   0.999   0.999   0.999   0.991   0.996   0.994   0.952   1.000
-= Chain Properties =-
@ GAvg(eV/Ang)  GMax(eV/Ang)   Length(Ang)  DeltaE(kcal)   RMSD(Ang) TrustRad(Ang)  Step Quality
@     1.8806        2.9565        1.5141  
Hessian Eigenvalues (Working) :  5.0000e-02  5.0000e-02  5.0000e-02  5.0000e-02  5.0000e-02 ...  1.0000e+00  1.0000e+00  1.0000e+00  1.0000e+00  1.0000e+00


-=# Chain optimization cycle 1 #=-
Image Number          :     0       1       2       3       4       5       6       7       8       9      10      11      12      13      14      15      16      17      18      19      20  
                        [94m  (min)[0m   ---->   ---->   ---->   ---->   ---->   ---->   ---->   ---->   ---->   ---->   (max)   <----   <----   <----   <----   <----   <----   <----   <---- [94m  (min)[0m
Energies  (kcal/mol)  :   5.094   5.716   7.626  10.717  14.942  19.800  25.246  30.704  35.713  39.829  42.760  44.251  44.090  42.330  39.173  34.893  29.796  24.200  11.181   1.416   0.000
Spacing (Ang)         :       0.069   0.069   0.069   0.070   0.069   0.070   0.070   0.070   0.070   0.070   0.070   0.070   0.069   0.069   0.069   0.069   0.068   0.134   0.131   0.067 
Gradients (eV/Ang)    :   0.003   0.742   1.421   2.024   2.642   2.972   3.244   3.315   3.182   2.895   2.568   2.268   1.988   1.704   1.406   1.116   0.898   0.886   1.102   0.677   0.001
Straightness          :   1.000   0.999   0.998   0.998   0.999   0.997   0.998   0.998   0.998   0.999   0.999   0.999   0.999   0.999   0.999   0.999   0.993   0.996   0.994   0.951   1.000

  GAvg(eV/Ang)  GMax(eV/Ang)   Length(Ang)  DeltaE(kcal)   RMSD(Ang)  TrustRad(Ang)  Step Quality
@     1.9499        3.3154        1.5124       -2.6857      0.0304      0.1000 (=)   -0.07 (Poor)
Hessian Eigenvalues (Working) :  5.0000e-02  5.0000e-02  5.0000e-02  5.0000e-02  5.0000e-02 ...  1.0000e+00  1.0000e+00  1.0000e+00  1.0000e+00  2.7224e+00
Hessian Eigenvalues (Plain)   :  5.0000e-02  5.0000e-02  5.0000e-02  5.0000e-02  5.0000e-02 ...  1.0000e+00  1.0000e+00  1.0000e+00  1.0000e+00  2.7219e+00


-=# Chain optimization cycle 2 #=-
Image Number          :     0       1       2       3       4       5       6       7       8       9      10      11      12      13      14      15      16      17      18      19      20  
                        [94m  (min)[0m   ---->   ---->   ---->   ---->   ---->   ---->   ---->   ---->   ---->   ---->   ---->   (max)   <----   <----   <----   <----   <----   <----   <---- [94m  (min)[0m
Energies  (kcal/mol)  :   5.094   5.554   7.035   9.520  12.903  17.042  21.717  26.615  31.368  35.549  38.774  40.709  41.114  40.002  37.507  33.795  29.061  23.487  10.176   1.122   0.000
Spacing (Ang)         :       0.069   0.069   0.069   0.070   0.069   0.069   0.070   0.069   0.070   0.070   0.070   0.070   0.069   0.069   0.069   0.069   0.069   0.134   0.131   0.068 
Gradients (eV/Ang)    :   0.003   0.277   0.527   0.751   0.973   1.213   1.451   1.666   1.827   1.889   1.840   1.719   1.564   1.387   1.185   0.971   0.808   0.825   0.989   0.486   0.001
Straightness          :   1.000   0.998   0.998   0.998   0.999   0.997   0.998   0.998   0.998   0.999   0.999   0.998   0.999   0.999   0.998   0.998   0.994   0.996   0.992   0.950   1.000

  GAvg(eV/Ang)  GMax(eV/Ang)   Length(Ang)  DeltaE(kcal)   RMSD(Ang)  TrustRad(Ang)  Step Quality
@     1.1762        1.8887        1.5120       -1.9683      0.0143      0.0152 ([91m-[0m)    0.79 (Good)
Hessian Eigenvalues (Working) :  4.9999e-02  5.0000e-02  5.0000e-02  5.0000e-02  5.0000e-02 ...  1.0000e+00  1.0000e+00  1.0000e+00  1.0023e+00  2.9695e+00
Hessian Eigenvalues (Plain)   :  4.9997e-02  5.0000e-02  5.0000e-02  5.0000e-02  5.0000e-02 ...  1.0000e+00  1.0000e+00  1.0000e+00  1.0173e+00  2.9628e+00


-=# Chain optimization cycle 3 #=-
Image Number          :     0       1       2       3       4       5       6       7       8       9      10      11      12      13      14      15      16      17      18      19      20  
                        [94m  (min)[0m   ---->   ---->   ---->   ---->   ---->   ---->   ---->   ---->   ---->   ---->   ---->   (max)   <----   <----   <----   <----   <----   <----   <---- [94m  (min)[0m
Energies  (kcal/mol)  :   5.094   5.470   6.711   8.833  11.686  15.024  18.685  22.508  26.344  30.008  33.150  35.377  36.397  36.145  34.634  31.838  27.672  21.961   8.090   0.751   0.000
Spacing (Ang)         :       0.069   0.069   0.069   0.070   0.069   0.069   0.070   0.070   0.070   0.070   0.071   0.070   0.070   0.070   0.070   0.070   0.069   0.135   0.132   0.069 
Gradients (eV/Ang)    :   0.003   0.162   0.332   0.493   0.658   0.826   0.988   1.150   1.317   1.431   1.413   1.301   1.185   1.077   0.947   0.791   0.674   0.727   0.813   0.316   0.001
Straightness          :   1.000   0.998   0.998   0.998   0.998   0.997   0.998   0.998   0.998   0.997   0.997   0.997   0.997   0.998   0.998   0.998   0.995   0.995   0.979   0.948   1.000

  GAvg(eV/Ang)  GMax(eV/Ang)   Length(Ang)  DeltaE(kcal)   RMSD(Ang)  TrustRad(Ang)  Step Quality
@     0.8737        1.4311        1.5184       -2.4650      0.0304      0.0304 ([92m+[0m)    0.61 (Good)
Hessian Eigenvalues (Working) :  4.9996e-02  5.0000e-02  5.0000e-02  5.0000e-02  5.0000e-02 ...  1.0000e+00  1.0000e+00  1.0000e+00  1.2998e+00  3.4575e+00
Hessian Eigenvalues (Plain)   :  4.9995e-02  5.0000e-02  5.0000e-02  5.0000e-02  5.0000e-02 ...  1.0000e+00  1.0000e+00  1.0125e+00  1.2983e+00  3.4427e+00


-=# Chain optimization cycle 4 #=-
Image Number          :     0       1       2       3       4       5       6       7       8       9      10      11      12      13      14      15      16      17      18      19      20  
                        [94m  (min)[0m   ---->   ---->   ---->   ---->   ---->   ---->   ---->   ---->   ---->   ---->   ---->   ---->   (max)   <----   <----   <----   <----   <----   <---- [94m  (min)[0m
Energies  (kcal/mol)  :   5.094   5.433   6.544   8.439  11.213  13.392  15.564  17.513  19.947  23.452  27.053  29.618  31.043  31.510  31.011  29.308  25.713  19.249   5.251   0.675   0.000
Spacing (Ang)         :       0.070   0.070   0.069   0.070   0.069   0.070   0.071   0.072   0.073   0.073   0.074   0.073   0.071   0.073   0.073   0.073   0.072   0.137   0.137   0.073 
Gradients (eV/Ang)    :   0.003   0.474   1.034   1.576   2.327   2.374   2.320   1.823   1.241   1.569   1.926   1.696   1.328   1.093   0.903   0.710   0.553   0.554   0.532   0.417   0.001
Straightness          :   1.000   0.997   0.997   0.997   0.994   0.996   0.995   0.995   0.993   0.991   0.991   0.993   0.993   0.994   0.995   0.997   0.997   0.990   0.913   0.945   1.000

  GAvg(eV/Ang)  GMax(eV/Ang)   Length(Ang)  DeltaE(kcal)   RMSD(Ang)  TrustRad(Ang)  Step Quality
@     1.2869        2.3740        1.5611       -2.8263      0.0608      0.0608 ([92m+[0m)   -0.95 (Poor)
Hessian Eigenvalues (Working) :  4.9994e-02  5.0000e-02  5.0000e-02  5.0000e-02  5.0000e-02 ...  1.0000e+00  1.0000e+00  1.0474e+00  1.7201e+00  3.6521e+00
Hessian Eigenvalues (Plain)   :  4.9978e-02  4.9999e-02  5.0000e-02  5.0000e-02  5.0000e-02 ...  1.0000e+00  1.0074e+00  1.0642e+00  1.7187e+00  3.6420e+00


-=# Chain optimization cycle 5 #=-
Image Number          :     0       1       2       3       4       5       6       7       8       9      10      11      12      13      14      15      16      17      18      19      20  
                        [94m  (min)[0m   ---->   ---->   ---->   ---->   ---->   ---->   ---->   ---->   ---->   ---->   ---->   ---->   (max)   <----   <----   <----   <----   <----   <---- [94m  (min)[0m
Energies  (kcal/mol)  :   5.094   5.365   6.156   7.434   8.994  10.753  12.627  14.927  17.973  21.780  25.147  27.374  28.866  29.650  29.603  28.391  25.036  18.162   4.796   0.725   0.000
Spacing (Ang)         :       0.071   0.071   0.070   0.069   0.069   0.070   0.072   0.074   0.075   0.075   0.076   0.076   0.073   0.075   0.075   0.075   0.075   0.139   0.139   0.074 
Gradients (eV/Ang)    :   0.003   0.250   0.443   0.631   0.709   0.875   1.020   1.287   1.800   2.416   2.462   1.804   1.194   0.944   0.770   0.568   0.404   0.416   0.498   0.481   0.001
Straightness          :   1.000   0.997   0.996   0.997   0.994   0.996   0.995   0.993   0.991   0.988   0.989   0.990   0.990   0.991   0.993   0.995   0.997   0.980   0.876   0.953   1.000

  GAvg(eV/Ang)  GMax(eV/Ang)   Length(Ang)  DeltaE(kcal)   RMSD(Ang)  TrustRad(Ang)  Step Quality
@     0.9986        2.4619        1.5927       -1.3415      0.0310      0.0304 ([91m-[0m)    0.45 (Okay)
Hessian Eigenvalues (Working) :  4.9989e-02  5.0000e-02  5.0000e-02  5.0000e-02  5.0000e-02 ...  1.0000e+00  1.0000e+00  1.0210e+00  2.6769e+00  3.3404e+00
Hessian Eigenvalues (Plain)   :  4.9953e-02  4.9998e-02  5.0000e-02  5.0000e-02  5.0000e-02 ...  1.0053e+00  1.0151e+00  1.0276e+00  2.6714e+00  3.3371e+00


-=# Chain optimization cycle 6 #=-
Image Number          :     0       1       2       3       4       5       6       7       8       9      10      11      12      13      14      15      16      17      18      19      20  
                        [94m  (min)[0m   ---->   ---->   ---->   ---->   ---->   ---->   ---->   ---->   ---->   ---->   ---->   ---->   ---->   (max)   <----   <----   <----   <----   <---- [94m  (min)[0m
Energies  (kcal/mol)  :   5.094   5.341   6.029   7.059   8.303   9.579  10.997  12.905  15.446  18.276  21.317  24.336  26.539  27.774  28.275  27.667  24.600  17.304   4.745   0.710   0.000
Spacing (Ang)         :       0.072   0.071   0.071   0.069   0.070   0.070   0.074   0.077   0.078   0.077   0.080   0.079   0.076   0.076   0.078   0.078   0.077   0.142   0.141   0.076 
Gradients (eV/Ang)    :   0.003   0.077   0.172   0.311   0.549   0.428   0.444   0.828   1.226   1.164   0.939   0.968   0.995   0.832   0.636   0.436   0.254   0.283   0.608   0.434   0.001
Straightness          :   1.000   0.997   0.995   0.996   0.993   0.995   0.994   0.991   0.987   0.984   0.985   0.987   0.987   0.988   0.990   0.992   0.997   0.953   0.852   0.963   1.000

  GAvg(eV/Ang)  GMax(eV/Ang)   Length(Ang)  DeltaE(kcal)   RMSD(Ang)  TrustRad(Ang)  Step Quality
@     0.6097        1.2263        1.6335       -1.2645      0.0307      0.0304 (=)    0.78 (Good)
Hessian Eigenvalues (Working) :  4.9961e-02  5.0000e-02  5.0000e-02  5.0000e-02  5.0000e-02 ...  1.0000e+00  1.0118e+00  1.1877e+00  2.8163e+00  2.8683e+00
Hessian Eigenvalues (Plain)   :  4.9833e-02  4.9998e-02  4.9999e-02  5.0000e-02  5.0000e-02 ...  1.0106e+00  1.0227e+00  1.1911e+00  2.8159e+00  2.8788e+00


-=# Chain optimization cycle 7 #=-
Image Number          :     0       1       2       3       4       5       6       7       8       9      10      11      12      13      14      15      16      17      18      19      20  
                        [94m  (min)[0m   ---->   ---->   ---->   ---->   ---->   ---->   ---->   ---->   ---->   ---->   ---->   ---->   ---->   ---->   (max)   <----   <----   <----   <---- [94m  (min)[0m
Energies  (kcal/mol)  :   5.094   5.367   6.073   7.017   8.102   8.883  10.037  12.070  14.076  16.052  19.638  21.386  23.658  25.437  26.686  27.168  24.666  16.557   5.925   0.903   0.000
Spacing (Ang)         :       0.074   0.074   0.073   0.069   0.072   0.072   0.078   0.083   0.085   0.084   0.088   0.088   0.083   0.082   0.086   0.088   0.085   0.151   0.144   0.081 
Gradients (eV/Ang)    :   0.003   0.146   0.296   0.542   0.957   0.437   0.556   1.517   1.512   0.640   1.924   0.750   1.006   1.028   0.524   0.316   0.314   0.506   1.342   0.705   0.001
Straightness          :   1.000   0.996   0.995   0.995   0.989   0.994   0.990   0.985   0.976   0.977   0.974   0.980   0.974   0.978   0.982   0.985   0.995   0.857   0.818   0.967   1.000

  GAvg(eV/Ang)  GMax(eV/Ang)   Length(Ang)  DeltaE(kcal)   RMSD(Ang)  TrustRad(Ang)  Step Quality
@     0.7903        1.9235        1.7404       -0.8331      0.0618      0.0608 ([92m+[0m)   -0.59 (Poor)
Hessian Eigenvalues (Working) :  4.9869e-02  5.0000e-02  5.0000e-02  5.0000e-02  5.0000e-02 ...  1.0092e+00  1.0304e+00  1.7926e+00  2.7547e+00  2.8620e+00
Hessian Eigenvalues (Plain)   :  4.9692e-02  4.9997e-02  4.9999e-02  5.0000e-02  5.0000e-02 ...  1.0176e+00  1.0452e+00  1.7915e+00  2.7521e+00  2.8737e+00


-=# Chain optimization cycle 8 #=-
Image Number          :     0       1       2       3       4       5       6       7       8       9      10      11      12      13      14      15      16      17      18      19      20  
                        [94m  (min)[0m   ---->   ---->   ---->   ---->   ---->   ---->   ---->   ---->   ---->   ---->   ---->   ---->   ---->   ---->   (max)   <----   <----   <----   <---- [94m  (min)[0m
Energies  (kcal/mol)  :   5.094   5.359   6.043   6.948   7.913   8.848   9.982  11.658  13.693  15.948  18.684  21.053  23.205  24.899  26.404  27.098  24.686  16.362   5.197   0.746   0.000
Spacing (Ang)         :       0.074   0.074   0.074   0.068   0.073   0.073   0.079   0.082   0.087   0.084   0.090   0.090   0.084   0.084   0.087   0.090   0.087   0.153   0.139   0.082 
Gradients (eV/Ang)    :   0.003   0.104   0.218   0.379   0.652   0.419   0.298   0.763   0.886   0.340   0.937   0.426   0.686   0.496   0.204   0.246   0.306   0.366   0.829   0.387   0.001
Straightness          :   1.000   0.995   0.994   0.995   0.993   0.994   0.990   0.985   0.975   0.977   0.976   0.976   0.974   0.976   0.980   0.983   0.995   0.810   0.852   0.970   1.000

  GAvg(eV/Ang)  GMax(eV/Ang)   Length(Ang)  DeltaE(kcal)   RMSD(Ang)  TrustRad(Ang)  Step Quality
@     0.4708        0.9370        1.7553       -0.2368      0.0156      0.0304 ([91m-[0m)    0.81 (Good)
Hessian Eigenvalues (Working) :  4.9942e-02  5.0000e-02  5.0000e-02  5.0000e-02  5.0000e-02 ...  1.0080e+00  1.0305e+00  2.6459e+00  2.7643e+00  2.9791e+00
Hessian Eigenvalues (Plain)   :  4.9836e-02  4.9993e-02  4.9999e-02  4.9999e-02  5.0000e-02 ...  1.0160e+00  1.0367e+00  2.6497e+00  2.7660e+00  2.9951e+00


-=# Chain optimization cycle 9 #=-
--== Images set to Climbing Mode: 15 ==--
Image Number          :     0       1       2       3       4       5       6       7       8       9      10      11      12      13      14      15      16      17      18      19      20  
                        [94m  (min)[0m   ---->   ---->   ---->   ---->   ---->   ---->   ---->   ---->   ---->   ---->   ---->   ---->   ---->   ---->   (^_^)   <----   <----   <----   <---- [94m  (min)[0m
Energies  (kcal/mol)  :   5.094   5.343   5.986   6.839   7.709   8.688   9.822  11.330  13.288  15.858  18.477  21.102  23.210  24.961  26.455  27.017  24.523  16.266   4.562   0.657   0.000
Spacing (Ang)         :       0.074   0.073   0.073   0.068   0.072   0.073   0.078   0.081   0.087   0.082   0.090   0.089   0.083   0.083   0.086   0.089   0.086   0.152   0.135   0.082 
Gradients (eV/Ang)    :   0.003   0.097   0.179   0.244   0.289   0.249   0.237   0.287   0.337   0.476   0.439   0.232   0.198   0.247   0.248   0.199   0.182   0.226   0.406   0.156   0.001
Straightness          :   1.000   0.995   0.995   0.995   0.994   0.994   0.991   0.986   0.978   0.979   0.978   0.978   0.974   0.976   0.981   0.983   0.995   0.810   0.882   0.971   1.000

  GAvg(eV/Ang)  GMax(eV/Ang)   Length(Ang)  DeltaE(kcal)   RMSD(Ang)  TrustRad(Ang)  Step Quality
@     0.2593        0.4755        1.7374       -0.1256      0.0095      0.0608 ([92m+[0m)    0.90 (Good)
Hessian Eigenvalues (Working) :  4.9825e-02  4.9998e-02  5.0000e-02  5.0000e-02  5.0000e-02 ...  1.0100e+00  1.1740e+00  2.4819e+00  2.7767e+00  3.0762e+00
Hessian Eigenvalues (Plain)   :  4.9717e-02  4.9992e-02  4.9998e-02  4.9999e-02  5.0000e-02 ...  1.0295e+00  1.1840e+00  2.4885e+00  2.7763e+00  3.0868e+00


-=# Chain optimization cycle 10 #=-
Image Number          :     0       1       2       3       4       5       6       7       8       9      10      11      12      13      14      15      16      17      18      19      20  
                        [94m  (min)[0m   ---->   ---->   ---->   ---->   ---->   ---->   ---->   ---->   ---->   ---->   ---->   ---->   ---->   ---->   (^_^)   <----   <----   <----   <---- [94m  (min)[0m
Energies  (kcal/mol)  :   5.094   5.325   5.922   6.730   7.565   8.537   9.681  11.199  13.122  15.680  18.311  21.013  23.123  24.909  26.395  26.933  24.416  16.143   4.190   0.641   0.000
Spacing (Ang)         :       0.074   0.073   0.073   0.067   0.072   0.073   0.078   0.080   0.087   0.081   0.091   0.090   0.084   0.083   0.086   0.090   0.085   0.152   0.131   0.083 
Gradients (eV/Ang)    :   0.003   0.078   0.145   0.194   0.232   0.222   0.297   0.444   0.438   0.268   0.214   0.251   0.183   0.326   0.243   0.167   0.158   0.254   0.352   0.229   0.001
Straightness          :   1.000   0.995   0.995   0.996   0.994   0.994   0.991   0.987   0.979   0.980   0.978   0.975   0.972   0.973   0.981   0.982   0.996   0.781   0.917   0.971   1.000

  GAvg(eV/Ang)  GMax(eV/Ang)   Length(Ang)  DeltaE(kcal)   RMSD(Ang)  TrustRad(Ang)  Step Quality
@     0.2472        0.4441        1.7338       -0.1074      0.0107      0.0678 ([92m+[0m)    0.09 (Okay)
Hessian Eigenvalues (Working) :  4.9823e-02  4.9997e-02  5.0000e-02  5.0000e-02  5.0000e-02 ...  1.0349e+00  1.6910e+00  2.7422e+00  2.8413e+00  3.4111e+00
Hessian Eigenvalues (Plain)   :  4.9743e-02  4.9961e-02  4.9998e-02  4.9999e-02  5.0000e-02 ...  1.0611e+00  1.6931e+00  2.7427e+00  2.8507e+00  3.4309e+00


-=# Chain optimization cycle 11 #=-
Image Number          :     0       1       2       3       4       5       6       7       8       9      10      11      12      13      14      15      16      17      18      19      20  
                        [94m  (min)[0m   ---->   ---->   ---->   ---->   ---->   ---->   ---->   ---->   ---->   ---->   ---->   ---->   ---->   ---->   (^_^)   <----   <----   <----   <---- [94m  (min)[0m
Energies  (kcal/mol)  :   5.094   5.301   5.826   6.562   7.380   8.290   9.396  10.899  12.803  15.374  18.115  20.730  22.912  24.621  26.194  26.806  24.301  15.857   4.226   0.713   0.000
Spacing (Ang)         :       0.074   0.073   0.074   0.067   0.073   0.074   0.078   0.079   0.090   0.081   0.094   0.094   0.086   0.086   0.085   0.094   0.087   0.155   0.123   0.086 
Gradients (eV/Ang)    :   0.003   0.061   0.138   0.286   0.542   0.401   0.231   0.393   0.546   0.218   0.801   0.583   0.765   0.318   0.218   0.214   0.186   0.172   0.501   0.234   0.001
Straightness          :   1.000   0.994   0.995   0.996   0.995   0.993   0.991   0.986   0.977   0.979   0.974   0.971   0.958   0.968   0.980   0.977   0.997   0.693   0.954   0.973   1.000

  GAvg(eV/Ang)  GMax(eV/Ang)   Length(Ang)  DeltaE(kcal)   RMSD(Ang)  TrustRad(Ang)  Step Quality
@     0.3584        0.8007        1.7500       -0.1679      0.0185      0.0674 (=)   -0.90 (Poor)
Hessian Eigenvalues (Working) :  4.4857e-02  4.9994e-02  5.0000e-02  5.0000e-02  5.0000e-02 ...  1.0867e+00  2.1708e+00  2.7490e+00  2.9248e+00  3.5041e+00
Hessian Eigenvalues (Plain)   :  4.4324e-02  4.9804e-02  4.9998e-02  4.9999e-02  4.9999e-02 ...  1.0936e+00  2.1814e+00  2.7486e+00  2.9363e+00  3.5211e+00


-=# Chain optimization cycle 12 #=-
Image Number          :     0       1       2       3       4       5       6       7       8       9      10      11      12      13      14      15      16      17      18      19      20  
                        [94m  (min)[0m   ---->   ---->   ---->   ---->   ---->   ---->   ---->   ---->   ---->   ---->   ---->   ---->   ---->   ---->   (^_^)   <----   <----   <----   <---- [94m  (min)[0m
Energies  (kcal/mol)  :   5.094   5.292   5.787   6.471   7.209   8.120   9.245  10.736  12.579  15.231  17.810  20.482  22.604  24.483  26.095  26.735  24.248  15.737   4.298   0.751   0.000
Spacing (Ang)         :       0.074   0.074   0.074   0.066   0.073   0.074   0.078   0.078   0.091   0.081   0.095   0.095   0.087   0.087   0.085   0.096   0.087   0.157   0.120   0.087 
Gradients (eV/Ang)    :   0.003   0.066   0.143   0.236   0.355   0.253   0.176   0.314   0.340   0.280   0.363   0.150   0.186   0.261   0.184   0.167   0.137   0.140   0.451   0.219   0.001
Straightness          :   1.000   0.994   0.995   0.996   0.996   0.993   0.991   0.986   0.977   0.978   0.973   0.968   0.957   0.965   0.979   0.976   0.997   0.659   0.958   0.974   1.000

  GAvg(eV/Ang)  GMax(eV/Ang)   Length(Ang)  DeltaE(kcal)   RMSD(Ang)  TrustRad(Ang)  Step Quality
@     0.2328        0.4509        1.7605       -0.1141      0.0090      0.0092 ([91m-[0m)    0.70 (Good)
Hessian Eigenvalues (Working) :  3.2688e-02  4.9986e-02  4.9999e-02  5.0000e-02  5.0000e-02 ...  1.1899e+00  2.3718e+00  2.7517e+00  2.8664e+00  3.1355e+00
Hessian Eigenvalues (Plain)   :  3.1895e-02  4.9791e-02  4.9995e-02  4.9999e-02  4.9999e-02 ...  1.1930e+00  2.3864e+00  2.7507e+00  2.8742e+00  3.1523e+00


-=# Chain optimization cycle 13 #=-
Image Number          :     0       1       2       3       4       5       6       7       8       9      10      11      12      13      14      15      16      17      18      19      20  
                        [94m  (min)[0m   ---->   ---->   ---->   ---->   ---->   ---->   ---->   ---->   ---->   ---->   ---->   ---->   ---->   ---->   (^_^)   <----   <----   <----   <---- [94m  (min)[0m
Energies  (kcal/mol)  :   5.094   5.279   5.723   6.332   7.007   7.882   9.002  10.500  12.317  14.969  17.537  20.208  22.329  24.235  25.941  26.634  24.189  15.516   4.237   0.780   0.000
Spacing (Ang)         :       0.075   0.074   0.075   0.066   0.073   0.075   0.079   0.077   0.094   0.081   0.099   0.099   0.090   0.089   0.085   0.101   0.089   0.160   0.115   0.089 
Gradients (eV/Ang)    :   0.003   0.063   0.127   0.207   0.349   0.236   0.166   0.398   0.520   0.328   0.434   0.177   0.204   0.161   0.313   0.171   0.107   0.182   0.437   0.170   0.001
Straightness          :   1.000   0.993   0.995   0.996   0.997   0.993   0.992   0.986   0.973   0.974   0.971   0.963   0.946   0.960   0.978   0.974   0.998   0.617   0.955   0.977   1.000

  GAvg(eV/Ang)  GMax(eV/Ang)   Length(Ang)  DeltaE(kcal)   RMSD(Ang)  TrustRad(Ang)  Step Quality
@     0.2499        0.5196        1.7863       -0.1569      0.0179      0.0185 ([92m+[0m)   -0.15 (Poor)
Hessian Eigenvalues (Working) :  2.3819e-02  4.9986e-02  5.0000e-02  5.0000e-02  5.0000e-02 ...  1.7016e+00  2.4781e+00  2.7519e+00  2.8788e+00  3.7344e+00
Hessian Eigenvalues (Plain)   :  2.3596e-02  4.9794e-02  4.9998e-02  4.9999e-02  4.9999e-02 ...  1.7042e+00  2.4793e+00  2.7511e+00  2.8882e+00  3.7665e+00


-=# Chain optimization cycle 14 #=-
Image Number          :     0       1       2       3       4       5       6       7       8       9      10      11      12      13      14      15      16      17      18      19      20  
                        [94m  (min)[0m   ---->   ---->   ---->   ---->   ---->   ---->   ---->   ---->   ---->   ---->   ---->   ---->   ---->   ---->   (^_^)   <----   <----   <----   <---- [94m  (min)[0m
Energies  (kcal/mol)  :   5.094   5.273   5.693   6.271   6.903   7.778   8.897  10.359  12.127  14.838  17.384  20.137  22.262  24.150  25.845  26.591  24.173  15.413   4.005   0.766   0.000
Spacing (Ang)         :       0.075   0.074   0.075   0.066   0.074   0.076   0.079   0.077   0.095   0.081   0.100   0.101   0.091   0.090   0.086   0.104   0.090   0.160   0.114   0.090 
Gradients (eV/Ang)    :   0.003   0.074   0.097   0.110   0.159   0.132   0.136   0.244   0.287   0.264   0.257   0.406   0.401   0.195   0.112   0.103   0.120   0.184   0.420   0.198   0.001
Straightness          :   1.000   0.993   0.995   0.996   0.996   0.994   0.992   0.985   0.972   0.972   0.970   0.960   0.940   0.958   0.979   0.973   0.998   0.623   0.950   0.978   1.000

  GAvg(eV/Ang)  GMax(eV/Ang)   Length(Ang)  DeltaE(kcal)   RMSD(Ang)  TrustRad(Ang)  Step Quality
@     0.2052        0.4203        1.7981       -0.0835      0.0084      0.0090 ([91m-[0m)    0.36 (Okay)
Hessian Eigenvalues (Working) :  2.2757e-02  4.9968e-02  4.9999e-02  5.0000e-02  5.0000e-02 ...  2.3964e+00  2.6193e+00  2.7524e+00  2.8784e+00  3.3729e+00
Hessian Eigenvalues (Plain)   :  2.2252e-02  4.9796e-02  4.9991e-02  4.9998e-02  4.9999e-02 ...  2.4042e+00  2.6115e+00  2.7516e+00  2.8878e+00  3.3830e+00


-=# Chain optimization cycle 15 #=-
Image Number          :     0       1       2       3       4       5       6       7       8       9      10      11      12      13      14      15      16      17      18      19      20  
                        [94m  (min)[0m   ---->   ---->   ---->   ---->   ---->   ---->   ---->   ---->   ---->   ---->   ---->   ---->   ---->   ---->   (^_^)   <----   <----   <----   <---- [94m  (min)[0m
Energies  (kcal/mol)  :   5.094   5.264   5.662   6.216   6.823   7.682   8.787  10.224  11.965  14.701  17.254  20.003  22.162  24.079  25.811  26.561  24.151  15.308   3.736   0.743   0.000
Spacing (Ang)         :       0.075   0.074   0.075   0.065   0.074   0.076   0.080   0.077   0.096   0.082   0.102   0.103   0.092   0.091   0.086   0.106   0.091   0.160   0.113   0.091 
Gradients (eV/Ang)    :   0.003   0.063   0.088   0.095   0.107   0.110   0.120   0.141   0.185   0.210   0.219   0.161   0.253   0.084   0.286   0.143   0.101   0.163   0.211   0.084   0.001
Straightness          :   1.000   0.993   0.996   0.997   0.996   0.994   0.992   0.985   0.970   0.969   0.971   0.958   0.933   0.956   0.979   0.974   0.997   0.643   0.941   0.978   1.000

  GAvg(eV/Ang)  GMax(eV/Ang)   Length(Ang)  DeltaE(kcal)   RMSD(Ang)  TrustRad(Ang)  Step Quality
@     0.1487        0.2859        1.8090       -0.0825      0.0084      0.0090 (=)    0.55 (Good)
Hessian Eigenvalues (Working) :  1.9799e-02  4.9910e-02  4.9998e-02  5.0000e-02  5.0000e-02 ...  2.3630e+00  2.6998e+00  2.7494e+00  2.7826e+00  2.9534e+00
Hessian Eigenvalues (Plain)   :  1.9391e-02  4.9796e-02  4.9940e-02  4.9998e-02  4.9999e-02 ...  2.3738e+00  2.6932e+00  2.7456e+00  2.7847e+00  2.9653e+00


-=# Chain optimization cycle 16 #=-
Image Number          :     0       1       2       3       4       5       6       7       8       9      10      11      12      13      14      15      16      17      18      19      20  
                        [94m  (min)[0m   ---->   ---->   ---->   ---->   ---->   ---->   ---->   ---->   ---->   ---->   ---->   ---->   ---->   ---->   (^_^)   <----   <----   <----   <---- [94m  (min)[0m
Energies  (kcal/mol)  :   5.094   5.247   5.609   6.130   6.703   7.531   8.604  10.003  11.698  14.449  17.027  19.864  22.076  24.009  25.733  26.518  24.124  15.117   3.563   0.773   0.000
Spacing (Ang)         :       0.076   0.075   0.076   0.065   0.075   0.077   0.080   0.077   0.099   0.082   0.105   0.107   0.095   0.093   0.086   0.111   0.093   0.159   0.110   0.093 
Gradients (eV/Ang)    :   0.003   0.060   0.086   0.095   0.093   0.082   0.083   0.113   0.258   0.160   0.341   0.318   0.266   0.194   0.311   0.141   0.115   0.121   0.116   0.108   0.001
Straightness          :   1.000   0.993   0.997   0.997   0.995   0.994   0.993   0.983   0.965   0.963   0.971   0.951   0.917   0.953   0.980   0.974   0.998   0.676   0.916   0.978   1.000

  GAvg(eV/Ang)  GMax(eV/Ang)   Length(Ang)  DeltaE(kcal)   RMSD(Ang)  TrustRad(Ang)  Step Quality
@     0.1611        0.3412        1.8323       -0.1119      0.0184      0.0179 ([92m+[0m)   -0.17 (Poor)
Hessian Eigenvalues (Working) :  1.8594e-02  4.9914e-02  4.9998e-02  5.0000e-02  5.0000e-02 ...  2.3689e+00  2.6866e+00  2.7549e+00  2.8093e+00  3.0540e+00
Hessian Eigenvalues (Plain)   :  1.8590e-02  4.9827e-02  4.9922e-02  4.9998e-02  4.9999e-02 ...  2.3808e+00  2.6748e+00  2.7559e+00  2.8132e+00  3.0651e+00


-=# Chain optimization cycle 17 #=-
Image Number          :     0       1       2       3       4       5       6       7       8       9      10      11      12      13      14      15      16      17      18      19      20  
                        [94m  (min)[0m   ---->   ---->   ---->   ---->   ---->   ---->   ---->   ---->   ---->   ---->   ---->   ---->   ---->   ---->   (^_^)   <----   <----   <----   <---- [94m  (min)[0m
Energies  (kcal/mol)  :   5.094   5.240   5.588   6.101   6.668   7.487   8.547   9.930  11.574  14.345  16.901  19.804  22.025  23.969  25.669  26.506  24.119  15.025   3.528   0.794   0.000
Spacing (Ang)         :       0.076   0.075   0.076   0.065   0.075   0.078   0.081   0.076   0.100   0.082   0.107   0.109   0.096   0.094   0.086   0.113   0.093   0.159   0.108   0.094 
Gradients (eV/Ang)    :   0.003   0.047   0.080   0.106   0.110   0.082   0.081   0.139   0.098   0.084   0.204   0.321   0.068   0.196   0.087   0.082   0.098   0.119   0.171   0.120   0.001
Straightness          :   1.000   0.993   0.997   0.997   0.995   0.994   0.993   0.982   0.962   0.960   0.970   0.949   0.910   0.951   0.981   0.973   0.997   0.680   0.911   0.977   1.000

  GAvg(eV/Ang)  GMax(eV/Ang)   Length(Ang)  DeltaE(kcal)   RMSD(Ang)  TrustRad(Ang)  Step Quality
@     0.1207        0.3212        1.8444       -0.0456      0.0093      0.0090 ([91m-[0m)    0.50 (Good)
Hessian Eigenvalues (Working) :  1.8944e-02  4.9932e-02  4.9998e-02  5.0000e-02  5.0000e-02 ...  2.6334e+00  2.7037e+00  2.7531e+00  2.9395e+00  3.0016e+00
Hessian Eigenvalues (Plain)   :  1.8793e-02  4.9838e-02  4.9930e-02  4.9997e-02  4.9998e-02 ...  2.6159e+00  2.6970e+00  2.7535e+00  2.9473e+00  3.0074e+00


-=# Chain optimization cycle 18 #=-
Image Number          :     0       1       2       3       4       5       6       7       8       9      10      11      12      13      14      15      16      17      18      19      20  
                        [94m  (min)[0m   ---->   ---->   ---->   ---->   ---->   ---->   ---->   ---->   ---->   ---->   ---->   ---->   ---->   ---->   (^_^)   <----   <----   <----   <---- [94m  (min)[0m
Energies  (kcal/mol)  :   5.094   5.231   5.565   6.074   6.637   7.450   8.498   9.856  11.449  14.222  16.741  19.696  21.989  23.909  25.644  26.536  24.143  14.851   3.440   0.835   0.000
Spacing (Ang)         :       0.077   0.076   0.077   0.065   0.076   0.079   0.082   0.076   0.103   0.083   0.111   0.113   0.099   0.097   0.087   0.117   0.095   0.158   0.103   0.097 
Gradients (eV/Ang)    :   0.003   0.046   0.072   0.082   0.095   0.096   0.138   0.215   0.255   0.224   0.170   0.092   0.115   0.116   0.230   0.213   0.138   0.164   0.170   0.111   0.001
Straightness          :   1.000   0.993   0.997   0.996   0.993   0.994   0.993   0.980   0.957   0.954   0.970   0.942   0.895   0.947   0.980   0.973   0.996   0.671   0.909   0.978   1.000

  GAvg(eV/Ang)  GMax(eV/Ang)   Length(Ang)  DeltaE(kcal)   RMSD(Ang)  TrustRad(Ang)  Step Quality
@     0.1443        0.2553        1.8722       -0.0501      0.0174      0.0179 ([92m+[0m)   -0.39 (Poor)
Hessian Eigenvalues (Working) :  1.5924e-02  4.9916e-02  4.9998e-02  5.0000e-02  5.0000e-02 ...  2.6389e+00  2.7031e+00  2.7471e+00  2.8075e+00  2.9902e+00
Hessian Eigenvalues (Plain)   :  1.5886e-02  4.9817e-02  4.9931e-02  4.9996e-02  4.9998e-02 ...  2.6090e+00  2.6970e+00  2.7424e+00  2.8181e+00  3.0008e+00


-=# Chain optimization cycle 19 #=-
Image Number          :     0       1       2       3       4       5       6       7       8       9      10      11      12      13      14      15      16      17      18      19      20  
                        [94m  (min)[0m   ---->   ---->   ---->   ---->   ---->   ---->   ---->   ---->   ---->   ---->   ---->   ---->   ---->   ---->   (^_^)   <----   <----   <----   <---- [94m  (min)[0m
Energies  (kcal/mol)  :   5.094   5.225   5.552   6.063   6.629   7.443   8.483   9.820  11.385  14.160  16.678  19.673  21.981  23.892  25.628  26.533  24.139  14.744   3.394   0.847   0.000
Spacing (Ang)         :       0.078   0.077   0.078   0.065   0.076   0.079   0.082   0.076   0.104   0.083   0.113   0.114   0.100   0.098   0.088   0.118   0.096   0.157   0.101   0.098 
Gradients (eV/Ang)    :   0.003   0.042   0.071   0.097   0.119   0.116   0.111   0.106   0.104   0.103   0.110   0.155   0.078   0.098   0.181   0.092   0.111   0.129   0.140   0.058   0.001
Straightness          :   1.000   0.994   0.997   0.996   0.993   0.994   0.992   0.978   0.956   0.951   0.969   0.939   0.890   0.946   0.981   0.973   0.996   0.676   0.906   0.978   1.000

  GAvg(eV/Ang)  GMax(eV/Ang)   Length(Ang)  DeltaE(kcal)   RMSD(Ang)  TrustRad(Ang)  Step Quality
@     0.1063        0.1811        1.8810       -0.0237      0.0073      0.0087 ([91m-[0m)    0.53 (Good)
Hessian Eigenvalues (Working) :  1.6712e-02  4.9909e-02  4.9999e-02  4.9999e-02  5.0000e-02 ...  2.6984e+00  2.7137e+00  2.7536e+00  2.8705e+00  2.9969e+00
Hessian Eigenvalues (Plain)   :  1.6381e-02  4.9820e-02  4.9922e-02  4.9996e-02  4.9998e-02 ...  2.6925e+00  2.7039e+00  2.7551e+00  2.8685e+00  3.0031e+00


-=# Chain optimization cycle 20 #=-
Image Number          :     0       1       2       3       4       5       6       7       8       9      10      11      12      13      14      15      16      17      18      19      20  
                        [94m  (min)[0m   ---->   ---->   ---->   ---->   ---->   ---->   ---->   ---->   ---->   ---->   ---->   ---->   ---->   ---->   (^_^)   <----   <----   <----   <---- [94m  (min)[0m
Energies  (kcal/mol)  :   5.094   5.220   5.540   6.047   6.610   7.423   8.461   9.798  11.363  14.140  16.656  19.656  21.972  23.873  25.605  26.536  24.115  14.650   3.357   0.848   0.000
Spacing (Ang)         :       0.078   0.077   0.078   0.065   0.076   0.080   0.083   0.076   0.104   0.083   0.113   0.114   0.100   0.098   0.089   0.118   0.097   0.155   0.100   0.098 
Gradients (eV/Ang)    :   0.003   0.029   0.044   0.059   0.066   0.075   0.089   0.120   0.151   0.132   0.081   0.070   0.092   0.081   0.077   0.171   0.086   0.122   0.117   0.039   0.001
Straightness          :   1.000   0.994   0.997   0.996   0.993   0.994   0.992   0.977   0.956   0.951   0.971   0.937   0.889   0.947   0.982   0.975   0.996   0.685   0.908   0.977   1.000

  GAvg(eV/Ang)  GMax(eV/Ang)   Length(Ang)  DeltaE(kcal)   RMSD(Ang)  TrustRad(Ang)  Step Quality
@     0.0894        0.1712        1.8808       -0.0190      0.0038      0.0174 ([92m+[0m)    0.32 (Okay)
Hessian Eigenvalues (Working) :  1.6594e-02  4.9872e-02  4.9990e-02  4.9999e-02  5.0000e-02 ...  2.6732e+00  2.7046e+00  2.7548e+00  2.9573e+00  3.0618e+00
Hessian Eigenvalues (Plain)   :  1.5793e-02  4.9804e-02  4.9865e-02  4.9965e-02  4.9998e-02 ...  2.6514e+00  2.7010e+00  2.7599e+00  2.9650e+00  3.0965e+00


-=# Chain optimization cycle 21 #=-
Image Number          :     0       1       2       3       4       5       6       7       8       9      10      11      12      13      14      15      16      17      18      19      20  
                        [94m  (min)[0m   ---->   ---->   ---->   ---->   ---->   ---->   ---->   ---->   ---->   ---->   ---->   ---->   ---->   ---->   (^_^)   <----   <----   <----   <---- [94m  (min)[0m
Energies  (kcal/mol)  :   5.094   5.220   5.542   6.040   6.590   7.385   8.406   9.728  11.294  14.082  16.603  19.623  21.945  23.836  25.577  26.516  24.060  14.427   3.303   0.864   0.000
Spacing (Ang)         :       0.078   0.077   0.078   0.066   0.077   0.080   0.084   0.077   0.105   0.083   0.113   0.114   0.099   0.097   0.092   0.115   0.097   0.148   0.096   0.099 
Gradients (eV/Ang)    :   0.003   0.044   0.061   0.050   0.037   0.034   0.073   0.133   0.197   0.198   0.109   0.081   0.079   0.175   0.231   0.167   0.074   0.102   0.142   0.125   0.001
Straightness          :   1.000   0.995   0.996   0.995   0.993   0.994   0.991   0.973   0.958   0.950   0.974   0.932   0.886   0.950   0.986   0.983   0.994   0.719   0.914   0.976   1.000

  GAvg(eV/Ang)  GMax(eV/Ang)   Length(Ang)  DeltaE(kcal)   RMSD(Ang)  TrustRad(Ang)  Step Quality
@     0.1111        0.2309        1.8739       -0.0396      0.0147      0.0174 (=)   -0.48 (Poor)
Hessian Eigenvalues (Working) :  1.6779e-02  4.9581e-02  4.9986e-02  4.9999e-02  5.0000e-02 ...  2.6495e+00  2.7059e+00  2.7550e+00  2.9525e+00  3.1018e+00
Hessian Eigenvalues (Plain)   :  1.5641e-02  4.6571e-02  4.9857e-02  4.9955e-02  4.9998e-02 ...  2.6260e+00  2.6998e+00  2.7593e+00  2.9575e+00  3.1409e+00


-=# Chain optimization cycle 22 #=-
Image Number          :     0       1       2       3       4       5       6       7       8       9      10      11      12      13      14      15      16      17      18      19      20  
                        [94m  (min)[0m   ---->   ---->   ---->   ---->   ---->   ---->   ---->   ---->   ---->   ---->   ---->   ---->   ---->   ---->   (^_^)   <----   <----   <----   <---- [94m  (min)[0m
Energies  (kcal/mol)  :   5.094   5.222   5.547   6.043   6.589   7.377   8.388   9.702  11.266  14.058  16.595  19.617  21.937  23.824  25.557  26.502  24.039  14.402   3.297   0.860   0.000
Spacing (Ang)         :       0.078   0.077   0.078   0.066   0.077   0.081   0.084   0.077   0.105   0.083   0.113   0.113   0.098   0.096   0.093   0.114   0.097   0.146   0.095   0.099 
Gradients (eV/Ang)    :   0.003   0.046   0.065   0.054   0.050   0.037   0.051   0.071   0.129   0.136   0.126   0.103   0.086   0.143   0.076   0.094   0.080   0.106   0.089   0.078   0.001
Straightness          :   1.000   0.995   0.995   0.995   0.994   0.994   0.991   0.972   0.958   0.949   0.975   0.930   0.886   0.952   0.986   0.985   0.994   0.734   0.917   0.976   1.000

  GAvg(eV/Ang)  GMax(eV/Ang)   Length(Ang)  DeltaE(kcal)   RMSD(Ang)  TrustRad(Ang)  Step Quality
@     0.0853        0.1427        1.8683       -0.0104      0.0048      0.0074 ([91m-[0m)    0.46 (Okay)
Hessian Eigenvalues (Working) :  1.6764e-02  4.3541e-02  4.9982e-02  4.9999e-02  5.0000e-02 ...  2.7040e+00  2.7550e+00  2.8084e+00  2.8671e+00  2.9620e+00
Hessian Eigenvalues (Plain)   :  1.5675e-02  3.7914e-02  4.9853e-02  4.9954e-02  4.9997e-02 ...  2.6922e+00  2.7586e+00  2.8374e+00  2.8988e+00  2.9790e+00


-=# Chain optimization cycle 23 #=-
Image Number          :     0       1       2       3       4       5       6       7       8       9      10      11      12      13      14      15      16      17      18      19      20  
                        [94m  (min)[0m   ---->   ---->   ---->   ---->   ---->   ---->   ---->   ---->   ---->   ---->   ---->   ---->   ---->   ---->   (^_^)   <----   <----   <----   <---- [94m  (min)[0m
Energies  (kcal/mol)  :   5.094   5.219   5.541   6.037   6.583   7.368   8.376   9.686  11.250  14.043  16.593  19.616  21.936  23.820  25.558  26.506  24.015  14.407   3.292   0.853   0.000
Spacing (Ang)         :       0.078   0.076   0.078   0.066   0.077   0.081   0.084   0.077   0.105   0.083   0.112   0.112   0.097   0.095   0.094   0.112   0.097   0.144   0.095   0.098 
Gradients (eV/Ang)    :   0.003   0.044   0.063   0.059   0.047   0.043   0.055   0.077   0.104   0.081   0.063   0.044   0.073   0.054   0.051   0.199   0.076   0.077   0.077   0.055   0.001
Straightness          :   1.000   0.996   0.995   0.994   0.994   0.994   0.990   0.971   0.958   0.950   0.975   0.930   0.887   0.954   0.987   0.985   0.994   0.745   0.919   0.976   1.000

  GAvg(eV/Ang)  GMax(eV/Ang)   Length(Ang)  DeltaE(kcal)   RMSD(Ang)  TrustRad(Ang)  Step Quality
@     0.0705        0.1990        1.8618       -0.0058      0.0039      0.0074 (=)    0.35 (Okay)
Hessian Eigenvalues (Working) :  1.5462e-02  3.5726e-02  4.9979e-02  4.9999e-02  5.0000e-02 ...  2.6846e+00  2.7083e+00  2.7550e+00  2.9551e+00  3.1817e+00
Hessian Eigenvalues (Plain)   :  1.5054e-02  2.9424e-02  4.9853e-02  4.9954e-02  4.9997e-02 ...  2.6671e+00  2.7069e+00  2.7598e+00  2.9783e+00  3.2138e+00


-=# Chain optimization cycle 24 #=-
Image Number          :     0       1       2       3       4       5       6       7       8       9      10      11      12      13      14      15      16      17      18      19      20  
                        [94m  (min)[0m   ---->   ---->   ---->   ---->   ---->   ---->   ---->   ---->   ---->   ---->   ---->   ---->   ---->   ---->   (^_^)   <----   <----   <---- [94m  <----[0m [94m  (min)[0m
Energies  (kcal/mol)  :   5.094   5.213   5.529   6.024   6.572   7.356   8.357   9.665  11.237  14.041  16.611  19.631  21.943  23.834  25.569  26.481  23.982  14.446   3.298   0.839   0.000
Spacing (Ang)         :       0.077   0.076   0.078   0.066   0.077   0.081   0.084   0.077   0.104   0.083   0.111   0.111   0.096   0.094   0.094   0.110   0.096   0.143   0.095   0.098 
Gradients (eV/Ang)    :   0.003   0.034   0.048   0.043   0.038   0.031   0.040   0.066   0.092   0.119   0.080   0.090   0.060   0.079   0.093   0.072   0.046   0.102   0.058   0.019   0.001
Straightness          :   1.000   0.996   0.995   0.994   0.995   0.995   0.990   0.970   0.957   0.951   0.976   0.930   0.891   0.958   0.988   0.986   0.995   0.756   0.922   0.977   1.000

  GAvg(eV/Ang)  GMax(eV/Ang)   Length(Ang)  DeltaE(kcal)   RMSD(Ang)  TrustRad(Ang)  Step Quality
@     0.0636        0.1193        1.8509       -0.0035      0.0066      0.0074 (=)    0.20 (Okay)
Hessian Eigenvalues (Working) :  1.6775e-02  3.3168e-02  4.9971e-02  4.9999e-02  5.0000e-02 ...  2.6678e+00  2.7072e+00  2.7575e+00  2.9604e+00  3.1921e+00
Hessian Eigenvalues (Plain)   :  1.7269e-02  2.5586e-02  4.9855e-02  4.9958e-02  4.9997e-02 ...  2.6502e+00  2.7017e+00  2.7614e+00  2.9797e+00  3.2271e+00


-=# Chain optimization cycle 25 #=-
Image Number          :     0       1       2       3       4       5       6       7       8       9      10      11      12      13      14      15      16      17      18      19      20  
                        [94m  (min)[0m [94m  ---->[0m   ----> [94m  ---->[0m [94m  ---->[0m   ---->   ---->   ---->   ---->   ---->   ---->   ---->   ---->   ---->   ---->   (^_^)   <----   <----   <---- [94m  <----[0m [94m  (min)[0m
Energies  (kcal/mol)  :   5.094   5.209   5.520   6.017   6.568   7.349   8.346   9.649  11.221  14.029  16.607  19.627  21.938  23.827  25.567  26.474  23.967  14.437   3.297   0.839   0.000
Spacing (Ang)         :       0.077   0.076   0.078   0.066   0.077   0.081   0.085   0.078   0.104   0.083   0.111   0.110   0.095   0.094   0.095   0.109   0.096   0.142   0.095   0.098 
Gradients (eV/Ang)    :   0.003   0.019   0.026   0.025   0.024   0.039   0.066   0.095   0.096   0.107   0.083   0.075   0.060   0.055   0.143   0.097   0.034   0.041   0.055   0.020   0.001
Straightness          :   1.000   0.996   0.995   0.994   0.995   0.995   0.989   0.968   0.957   0.952   0.975   0.930   0.894   0.961   0.989   0.986   0.996   0.758   0.921   0.976   1.000

  GAvg(eV/Ang)  GMax(eV/Ang)   Length(Ang)  DeltaE(kcal)   RMSD(Ang)  TrustRad(Ang)  Step Quality
@     0.0611        0.1433        1.8490       -0.0065      0.0029      0.0074 (=)    0.08 (Okay)
Hessian Eigenvalues (Working) :  1.7022e-02  2.6115e-02  4.9958e-02  4.9999e-02  4.9999e-02 ...  2.6836e+00  2.7123e+00  2.7671e+00  2.8961e+00  3.1157e+00
Hessian Eigenvalues (Plain)   :  1.7178e-02  2.2173e-02  4.9856e-02  4.9955e-02  4.9997e-02 ...  2.6742e+00  2.6974e+00  2.7706e+00  2.9037e+00  3.1356e+00


-=# Chain optimization cycle 26 #=-
Image Number          :     0       1       2       3       4       5       6       7       8       9      10      11      12      13      14      15      16      17      18      19      20  
                        [94m  (min)[0m [94m  ---->[0m   ----> [94m  ---->[0m   ---->   ---->   ---->   ---->   ---->   ---->   ---->   ---->   ---->   ---->   ---->   (^_^)   <----   <----   <---- [94m  <----[0m [94m  (min)[0m
Energies  (kcal/mol)  :   5.094   5.209   5.516   6.017   6.568   7.339   8.325   9.621  11.201  14.012  16.594  19.616  21.923  23.810  25.544  26.457  23.952  14.415   3.302   0.839   0.000
Spacing (Ang)         :       0.077   0.076   0.078   0.066   0.077   0.081   0.086   0.079   0.105   0.084   0.111   0.109   0.094   0.093   0.097   0.107   0.096   0.142   0.095   0.098 
Gradients (eV/Ang)    :   0.003   0.020   0.032   0.025   0.026   0.047   0.041   0.049   0.109   0.102   0.094   0.047   0.059   0.097   0.080   0.075   0.042   0.061   0.090   0.023   0.001
Straightness          :   1.000   0.995   0.990   0.995   0.996   0.992   0.988   0.964   0.955   0.952   0.974   0.929   0.899   0.966   0.990   0.984   0.997   0.759   0.917   0.972   1.000

  GAvg(eV/Ang)  GMax(eV/Ang)   Length(Ang)  DeltaE(kcal)   RMSD(Ang)  TrustRad(Ang)  Step Quality
@     0.0588        0.1088        1.8492       -0.0110      0.0059      0.0074 (=)    0.07 (Okay)
Hessian Eigenvalues (Working) :  1.6675e-02  2.4166e-02  4.9947e-02  4.9999e-02  4.9999e-02 ...  2.6885e+00  2.7156e+00  2.7656e+00  2.9240e+00  3.1444e+00
Hessian Eigenvalues (Plain)   :  1.5927e-02  2.2797e-02  4.9848e-02  4.9945e-02  4.9996e-02 ...  2.6813e+00  2.7002e+00  2.7700e+00  2.9437e+00  3.1489e+00


-=# Chain optimization cycle 27 #=-
Image Number          :     0       1       2       3       4       5       6       7       8       9      10      11      12      13      14      15      16      17      18      19      20  
                        [94m  (min)[0m [94m  ---->[0m   ---->   ---->   ---->   ---->   ---->   ---->   ---->   ---->   ---->   ---->   ---->   ---->   ---->   (^_^)   <----   <----   <---- [94m  <----[0m [94m  (min)[0m
Energies  (kcal/mol)  :   5.094   5.209   5.516   6.017   6.569   7.338   8.320   9.616  11.186  13.993  16.575  19.603  21.910  23.791  25.526  26.447  23.947  14.380   3.291   0.839   0.000
Spacing (Ang)         :       0.077   0.077   0.077   0.066   0.077   0.082   0.086   0.079   0.106   0.084   0.111   0.108   0.094   0.093   0.098   0.107   0.096   0.141   0.095   0.098 
Gradients (eV/Ang)    :   0.003   0.020   0.029   0.025   0.026   0.047   0.039   0.083   0.071   0.091   0.055   0.050   0.037   0.047   0.049   0.055   0.037   0.046   0.067   0.024   0.001
Straightness          :   1.000   0.994   0.984   0.996   0.995   0.991   0.987   0.962   0.954   0.952   0.973   0.928   0.901   0.967   0.991   0.983   0.997   0.758   0.914   0.971   1.000

  GAvg(eV/Ang)  GMax(eV/Ang)   Length(Ang)  DeltaE(kcal)   RMSD(Ang)  TrustRad(Ang)  Step Quality
@     0.0471        0.0907        1.8524       -0.0088      0.0035      0.0074 (=)    0.40 (Okay)
Hessian Eigenvalues (Working) :  1.4105e-02  2.2716e-02  4.9928e-02  4.9997e-02  4.9999e-02 ...  2.7062e+00  2.7559e+00  2.8992e+00  2.9461e+00  3.1039e+00
Hessian Eigenvalues (Plain)   :  1.3150e-02  2.3069e-02  4.9813e-02  4.9932e-02  4.9991e-02 ...  2.6963e+00  2.7572e+00  2.9055e+00  2.9673e+00  3.0985e+00


-=# Chain optimization cycle 28 #=-
Image Number          :     0       1       2       3       4       5       6       7       8       9      10      11      12      13      14      15      16      17      18      19      20  
                        [94m  (min)[0m [94m  ---->[0m   ---->   ---->   ---->   ---->   ---->   ---->   ---->   ---->   ---->   ---->   ---->   ---->   ---->   (^_^)   <----   <----   <---- [94m  <----[0m [94m  (min)[0m
Energies  (kcal/mol)  :   5.094   5.209   5.520   6.016   6.574   7.339   8.318   9.609  11.166  13.960  16.543  19.577  21.884  23.758  25.498  26.433  23.938  14.317   3.267   0.839   0.000
Spacing (Ang)         :       0.077   0.077   0.077   0.067   0.078   0.082   0.087   0.080   0.107   0.085   0.111   0.108   0.093   0.093   0.100   0.106   0.096   0.141   0.095   0.098 
Gradients (eV/Ang)    :   0.003   0.021   0.039   0.036   0.088   0.050   0.043   0.061   0.057   0.052   0.052   0.041   0.058   0.079   0.117   0.075   0.042   0.087   0.069   0.024   0.001
Straightness          :   1.000   0.990   0.970   0.995   0.992   0.989   0.985   0.957   0.953   0.952   0.971   0.926   0.905   0.971   0.991   0.980   0.997   0.753   0.911   0.971   1.000

  GAvg(eV/Ang)  GMax(eV/Ang)   Length(Ang)  DeltaE(kcal)   RMSD(Ang)  TrustRad(Ang)  Step Quality
@     0.0574        0.1169        1.8591       -0.0146      0.0066      0.0074 (=)   -0.44 (Poor)
Hessian Eigenvalues (Working) :  1.2828e-02  2.1270e-02  4.9907e-02  4.9996e-02  4.9999e-02 ...  2.7104e+00  2.7526e+00  2.8859e+00  2.9981e+00  3.1323e+00
Hessian Eigenvalues (Plain)   :  1.1942e-02  2.2737e-02  4.9716e-02  4.9900e-02  4.9984e-02 ...  2.7003e+00  2.7495e+00  2.8928e+00  2.9883e+00  3.1479e+00


-=# Chain optimization cycle 29 #=-
Image Number          :     0       1       2       3       4       5       6       7       8       9      10      11      12      13      14      15      16      17      18      19      20  
                        [94m  (min)[0m [94m  ---->[0m   ----> [94m  ---->[0m   ---->   ---->   ---->   ---->   ---->   ---->   ---->   ---->   ---->   ---->   ---->   (^_^)   <----   <----   <---- [94m  <----[0m [94m  (min)[0m
Energies  (kcal/mol)  :   5.094   5.209   5.523   6.013   6.572   7.339   8.315   9.607  11.161  13.952  16.534  19.566  21.871  23.742  25.478  26.426  23.933  14.300   3.257   0.839   0.000
Spacing (Ang)         :       0.077   0.078   0.077   0.067   0.078   0.083   0.088   0.080   0.107   0.085   0.111   0.107   0.093   0.093   0.101   0.106   0.096   0.141   0.094   0.098 
Gradients (eV/Ang)    :   0.003   0.021   0.067   0.019   0.075   0.080   0.049   0.091   0.079   0.059   0.054   0.042   0.073   0.083   0.042   0.048   0.035   0.042   0.055   0.023   0.001
Straightness          :   1.000   0.989   0.961   0.992   0.990   0.987   0.983   0.954   0.953   0.953   0.969   0.927   0.910   0.973   0.991   0.979   0.997   0.748   0.911   0.971   1.000

  GAvg(eV/Ang)  GMax(eV/Ang)   Length(Ang)  DeltaE(kcal)   RMSD(Ang)  TrustRad(Ang)  Step Quality
@     0.0545        0.0908        1.8607       -0.0062      0.0030      0.0033 ([91m-[0m)    0.10 (Okay)
Hessian Eigenvalues (Working) :  1.2959e-02  2.0186e-02  4.9901e-02  4.9996e-02  4.9999e-02 ...  2.7157e+00  2.7456e+00  2.8231e+00  2.9552e+00  3.1232e+00
Hessian Eigenvalues (Plain)   :  1.1890e-02  2.1924e-02  4.9702e-02  4.9891e-02  4.9983e-02 ...  2.7093e+00  2.7329e+00  2.8148e+00  2.9606e+00  3.1503e+00


-=# Chain optimization cycle 30 #=-
Image Number          :     0       1       2       3       4       5       6       7       8       9      10      11      12      13      14      15      16      17      18      19      20  
                        [94m  (min)[0m [94m  ---->[0m   ----> [94m  ---->[0m   ---->   ---->   ---->   ---->   ---->   ---->   ---->   ---->   ---->   ---->   ---->   (^_^)   <----   <----   <---- [94m  <----[0m [94m  (min)[0m
Energies  (kcal/mol)  :   5.094   5.209   5.523   6.013   6.569   7.334   8.309   9.600  11.154  13.945  16.528  19.558  21.858  23.728  25.466  26.419  23.927  14.292   3.249   0.839   0.000
Spacing (Ang)         :       0.077   0.078   0.077   0.067   0.078   0.083   0.088   0.081   0.108   0.085   0.111   0.106   0.092   0.093   0.102   0.105   0.096   0.141   0.094   0.098 
Gradients (eV/Ang)    :   0.003   0.021   0.038   0.019   0.042   0.030   0.033   0.037   0.051   0.066   0.053   0.056   0.049   0.057   0.046   0.048   0.045   0.036   0.039   0.022   0.001
Straightness          :   1.000   0.987   0.954   0.989   0.989   0.987   0.982   0.952   0.953   0.952   0.968   0.927   0.915   0.976   0.991   0.977   0.997   0.747   0.911   0.971   1.000

  GAvg(eV/Ang)  GMax(eV/Ang)   Length(Ang)  DeltaE(kcal)   RMSD(Ang)  TrustRad(Ang)  Step Quality
@     0.0415        0.0655        1.8608       -0.0055      0.0032      0.0033 (=)    0.48 (Okay)
Hessian Eigenvalues (Working) :  1.3104e-02  1.6450e-02  4.9908e-02  4.9995e-02  4.9997e-02 ...  2.7223e+00  2.7657e+00  2.8910e+00  2.9862e+00  3.2580e+00
Hessian Eigenvalues (Plain)   :  1.2361e-02  1.7867e-02  4.9144e-02  4.9839e-02  4.9971e-02 ...  2.7067e+00  2.7708e+00  2.9231e+00  2.9983e+00  3.2692e+00


-=# Chain optimization cycle 31 #=-
Image Number          :     0       1       2       3       4       5       6       7       8       9      10      11      12      13      14      15      16      17      18      19      20  
                        [94m  (min)[0m [94m  ---->[0m   ----> [94m  ---->[0m   ---->   ---->   ---->   ---->   ---->   ---->   ---->   ---->   ---->   ---->   ---->   (^_^)   <----   <----   <---- [94m  <----[0m [94m  (min)[0m
Energies  (kcal/mol)  :   5.094   5.209   5.520   6.013   6.565   7.330   8.303   9.595  11.150  13.940  16.528  19.554  21.851  23.723  25.461  26.411  23.921  14.306   3.247   0.839   0.000
Spacing (Ang)         :       0.077   0.077   0.077   0.067   0.078   0.083   0.089   0.081   0.108   0.086   0.110   0.105   0.091   0.093   0.102   0.105   0.096   0.141   0.094   0.098 
Gradients (eV/Ang)    :   0.003   0.021   0.042   0.020   0.049   0.051   0.049   0.073   0.050   0.072   0.058   0.058   0.040   0.057   0.047   0.048   0.039   0.041   0.044   0.021   0.001
Straightness          :   1.000   0.988   0.955   0.989   0.990   0.987   0.981   0.950   0.954   0.952   0.966   0.929   0.922   0.979   0.990   0.976   0.997   0.745   0.911   0.972   1.000

  GAvg(eV/Ang)  GMax(eV/Ang)   Length(Ang)  DeltaE(kcal)   RMSD(Ang)  TrustRad(Ang)  Step Quality
@     0.0463        0.0728        1.8586       -0.0025      0.0033      0.0033 (=)   -0.23 (Poor)
Hessian Eigenvalues (Working) :  1.2642e-02  1.6650e-02  4.9872e-02  4.9980e-02  4.9996e-02 ...  2.7253e+00  2.7642e+00  2.8641e+00  2.9660e+00  3.7193e+00
Hessian Eigenvalues (Plain)   :  1.1898e-02  1.8117e-02  4.6474e-02  4.9817e-02  4.9965e-02 ...  2.7108e+00  2.7678e+00  2.8920e+00  2.9633e+00  3.7671e+00


-=# Chain optimization cycle 32 #=-
Image Number          :     0       1       2       3       4       5       6       7       8       9      10      11      12      13      14      15      16      17      18      19      20  
                        [94m  (min)[0m [94m  ---->[0m   ----> [94m  ---->[0m   ---->   ----> [94m  ---->[0m   ---->   ---->   ---->   ---->   ---->   ---->   ---->   ---->   (^_^) [94m  <----[0m   <----   <---- [94m  <----[0m [94m  (min)[0m
Energies  (kcal/mol)  :   5.094   5.209   5.518   6.013   6.563   7.328   8.300   9.591  11.145  13.934  16.525  19.549  21.846  23.718  25.457  26.407  23.917  14.309   3.245   0.839   0.000
Spacing (Ang)         :       0.077   0.077   0.077   0.067   0.078   0.083   0.089   0.081   0.108   0.086   0.109   0.104   0.091   0.093   0.102   0.105   0.096   0.141   0.094   0.098 
Gradients (eV/Ang)    :   0.003   0.021   0.034   0.020   0.025   0.041   0.024   0.069   0.060   0.057   0.042   0.047   0.057   0.062   0.047   0.045   0.021   0.045   0.057   0.020   0.001
Straightness          :   1.000   0.988   0.957   0.989   0.990   0.988   0.980   0.950   0.955   0.952   0.966   0.931   0.926   0.980   0.989   0.976   0.997   0.744   0.911   0.972   1.000

  GAvg(eV/Ang)  GMax(eV/Ang)   Length(Ang)  DeltaE(kcal)   RMSD(Ang)  TrustRad(Ang)  Step Quality
@     0.0418        0.0689        1.8576       -0.0026      0.0017      0.0016 ([91m-[0m)    0.19 (Okay)
Hessian Eigenvalues (Working) :  1.2126e-02  1.5828e-02  4.9901e-02  4.9979e-02  4.9993e-02 ...  2.7189e+00  2.7579e+00  2.9049e+00  2.9550e+00  3.5781e+00
Hessian Eigenvalues (Plain)   :  1.1861e-02  1.6783e-02  4.2667e-02  4.9803e-02  4.9950e-02 ...  2.7078e+00  2.7589e+00  2.9316e+00  2.9536e+00  3.6393e+00


-=# Chain optimization cycle 33 #=-
Image Number          :     0       1       2       3       4       5       6       7       8       9      10      11      12      13      14      15      16      17      18      19      20  
                        [94m  (min)[0m [94m  ---->[0m   ----> [94m  ---->[0m   ---->   ----> [94m  ---->[0m   ---->   ---->   ---->   ---->   ---->   ---->   ---->   ---->   (^_^) [94m  <----[0m [94m  <----[0m   <---- [94m  <----[0m [94m  (min)[0m
Energies  (kcal/mol)  :   5.094   5.209   5.516   6.013   6.562   7.327   8.300   9.587  11.139  13.929  16.523  19.543  21.840  23.713  25.452  26.403  23.917  14.311   3.240   0.839   0.000
Spacing (Ang)         :       0.077   0.077   0.077   0.067   0.079   0.083   0.089   0.081   0.108   0.086   0.109   0.104   0.091   0.093   0.102   0.105   0.096   0.141   0.094   0.098 
Gradients (eV/Ang)    :   0.003   0.021   0.027   0.021   0.031   0.032   0.024   0.034   0.049   0.036   0.032   0.035   0.033   0.042   0.035   0.037   0.022   0.016   0.044   0.020   0.001
Straightness          :   1.000   0.989   0.959   0.988   0.990   0.989   0.982   0.948   0.956   0.952   0.966   0.933   0.930   0.982   0.988   0.976   0.998   0.744   0.910   0.973   1.000

  GAvg(eV/Ang)  GMax(eV/Ang)   Length(Ang)  DeltaE(kcal)   RMSD(Ang)  TrustRad(Ang)  Step Quality
@     0.0310        0.0493        1.8565       -0.0024      0.0017      0.0016 (=)    0.51 (Good)
Hessian Eigenvalues (Working) :  1.1452e-02  1.6174e-02  4.9690e-02  4.9957e-02  4.9993e-02 ...  2.7223e+00  2.7594e+00  2.9294e+00  3.0317e+00  3.4099e+00
Hessian Eigenvalues (Plain)   :  1.1148e-02  1.6710e-02  3.8243e-02  4.9811e-02  4.9948e-02 ...  2.7080e+00  2.7608e+00  2.9458e+00  3.0614e+00  3.4852e+00


-=# Chain optimization cycle 34 #=-
Image Number          :     0       1       2       3       4       5       6       7       8       9      10      11      12      13      14      15      16      17      18      19      20  
                        [94m  (min)[0m [94m  ---->[0m   ----> [94m  ---->[0m   ---->   ---->   ---->   ---->   ---->   ---->   ---->   ---->   ---->   ---->   ---->   (^_^)   <---- [94m  <----[0m   <---- [94m  <----[0m [94m  (min)[0m
Energies  (kcal/mol)  :   5.094   5.209   5.514   6.013   6.561   7.325   8.300   9.582  11.132  13.924  16.520  19.534  21.830  23.703  25.443  26.397  23.917  14.311   3.235   0.839   0.000
Spacing (Ang)         :       0.077   0.077   0.078   0.067   0.079   0.084   0.089   0.081   0.108   0.086   0.108   0.103   0.091   0.093   0.102   0.105   0.096   0.141   0.094   0.098 
Gradients (eV/Ang)    :   0.003   0.020   0.035   0.022   0.059   0.037   0.026   0.035   0.029   0.031   0.034   0.038   0.055   0.043   0.044   0.045   0.025   0.016   0.034   0.019   0.001
Straightness          :   1.000   0.990   0.961   0.987   0.988   0.988   0.984   0.943   0.957   0.951   0.966   0.936   0.936   0.983   0.986   0.974   0.997   0.744   0.909   0.974   1.000

  GAvg(eV/Ang)  GMax(eV/Ang)   Length(Ang)  DeltaE(kcal)   RMSD(Ang)  TrustRad(Ang)  Step Quality
@     0.0341        0.0585        1.8550       -0.0035      0.0032      0.0033 ([92m+[0m)   -0.20 (Poor)
Hessian Eigenvalues (Working) :  1.0009e-02  1.6037e-02  3.7503e-02  4.9925e-02  4.9995e-02 ...  2.7218e+00  2.7597e+00  2.9232e+00  2.9829e+00  3.7267e+00
Hessian Eigenvalues (Plain)   :  9.8233e-03  1.5735e-02  3.1739e-02  4.9810e-02  4.9933e-02 ...  2.7086e+00  2.7609e+00  2.9485e+00  3.0029e+00  3.8271e+00


-=# Chain optimization cycle 35 #=-
Image Number          :     0       1       2       3       4       5       6       7       8       9      10      11      12      13      14      15      16      17      18      19      20  
                        [94m  (min)[0m [94m  ---->[0m [94m  ---->[0m [94m  ---->[0m [94m  ---->[0m [94m  ---->[0m [94m  ---->[0m   ----> [94m  ---->[0m   ---->   ---->   ---->   ---->   ---->   ---->   (^_^) [94m  <----[0m [94m  <----[0m   <---- [94m  <----[0m [94m  (min)[0m
Energies  (kcal/mol)  :   5.094   5.209   5.514   6.013   6.558   7.324   8.299   9.580  11.130  13.922  16.517  19.528  21.825  23.697  25.438  26.392  23.916  14.311   3.232   0.839   0.000
Spacing (Ang)         :       0.077   0.077   0.078   0.067   0.079   0.084   0.089   0.081   0.108   0.086   0.108   0.102   0.090   0.093   0.102   0.105   0.096   0.141   0.094   0.098 
Gradients (eV/Ang)    :   0.003   0.020   0.014   0.022   0.024   0.017   0.020   0.030   0.023   0.041   0.037   0.040   0.040   0.046   0.035   0.038   0.021   0.017   0.026   0.019   0.001
Straightness          :   1.000   0.990   0.962   0.986   0.988   0.988   0.985   0.941   0.958   0.951   0.966   0.937   0.939   0.983   0.985   0.973   0.997   0.744   0.908   0.975   1.000

  GAvg(eV/Ang)  GMax(eV/Ang)   Length(Ang)  DeltaE(kcal)   RMSD(Ang)  TrustRad(Ang)  Step Quality
@     0.0278        0.0460        1.8543       -0.0020      0.0015      0.0016 ([91m-[0m)    0.37 (Okay)
Hessian Eigenvalues (Working) :  8.8899e-03  1.6572e-02  3.8374e-02  4.9929e-02  4.9992e-02 ...  2.7583e+00  2.8965e+00  2.9551e+00  3.0019e+00  3.6139e+00
Hessian Eigenvalues (Plain)   :  8.7035e-03  1.6495e-02  3.1901e-02  4.9822e-02  4.9920e-02 ...  2.7594e+00  2.9420e+00  2.9561e+00  3.0495e+00  3.7055e+00


-=# Chain optimization cycle 36 #=-
Image Number          :     0       1       2       3       4       5       6       7       8       9      10      11      12      13      14      15      16      17      18      19      20  
                        [94m  (min)[0m [94m  ---->[0m [94m  ---->[0m [94m  ---->[0m [94m  ---->[0m [94m  ---->[0m [94m  ---->[0m [94m  ---->[0m [94m  ---->[0m   ---->   ---->   ---->   ---->   ---->   ---->   (^_^) [94m  <----[0m [94m  <----[0m   <---- [94m  <----[0m [94m  (min)[0m
Energies  (kcal/mol)  :   5.094   5.209   5.514   6.013   6.558   7.324   8.299   9.578  11.130  13.918  16.513  19.522  21.819  23.690  25.433  26.387  23.916  14.311   3.231   0.839   0.000
Spacing (Ang)         :       0.077   0.077   0.078   0.067   0.079   0.084   0.089   0.081   0.108   0.086   0.107   0.102   0.090   0.093   0.102   0.106   0.096   0.141   0.094   0.098 
Gradients (eV/Ang)    :   0.003   0.020   0.014   0.022   0.024   0.017   0.020   0.022   0.023   0.029   0.032   0.035   0.045   0.039   0.033   0.028   0.025   0.017   0.030   0.019   0.001
Straightness          :   1.000   0.990   0.962   0.986   0.988   0.988   0.986   0.938   0.960   0.951   0.966   0.939   0.941   0.983   0.984   0.972   0.997   0.744   0.907   0.975   1.000

  GAvg(eV/Ang)  GMax(eV/Ang)   Length(Ang)  DeltaE(kcal)   RMSD(Ang)  TrustRad(Ang)  Step Quality
@     0.0260        0.0448        1.8536       -0.0020      0.0015      0.0016 (=)    0.13 (Okay)
Hessian Eigenvalues (Working) :  6.5835e-03  1.6725e-02  3.1909e-02  4.9925e-02  4.9992e-02 ...  2.7602e+00  2.9021e+00  2.9453e+00  3.0905e+00  3.5743e+00
Hessian Eigenvalues (Plain)   :  6.2248e-03  1.5894e-02  2.7532e-02  4.9826e-02  4.9869e-02 ...  2.7622e+00  2.9139e+00  2.9947e+00  3.1293e+00  3.6664e+00


-=# Chain optimization cycle 37 #=-
Image Number          :     0       1       2       3       4       5       6       7       8       9      10      11      12      13      14      15      16      17      18      19      20  
                        [94m  (min)[0m [94m  ---->[0m [94m  ---->[0m [94m  ---->[0m [94m  ---->[0m [94m  ---->[0m [94m  ---->[0m [94m  ---->[0m [94m  ---->[0m [94m  ---->[0m   ---->   ---->   ---->   ---->   ---->   (^_^)   <---- [94m  <----[0m [94m  <----[0m [94m  <----[0m [94m  (min)[0m
Energies  (kcal/mol)  :   5.094   5.209   5.514   6.013   6.558   7.324   8.299   9.578  11.130  13.915  16.509  19.515  21.813  23.682  25.426  26.383  23.916  14.311   3.231   0.839   0.000
Spacing (Ang)         :       0.077   0.077   0.078   0.067   0.079   0.084   0.089   0.081   0.108   0.086   0.107   0.101   0.090   0.093   0.102   0.106   0.096   0.141   0.094   0.098 
Gradients (eV/Ang)    :   0.003   0.020   0.014   0.022   0.024   0.017   0.020   0.022   0.024   0.022   0.029   0.032   0.039   0.039   0.032   0.027   0.029   0.017   0.021   0.019   0.001
Straightness          :   1.000   0.990   0.962   0.986   0.988   0.988   0.986   0.938   0.960   0.951   0.967   0.941   0.943   0.982   0.983   0.971   0.996   0.745   0.907   0.975   1.000

  GAvg(eV/Ang)  GMax(eV/Ang)   Length(Ang)  DeltaE(kcal)   RMSD(Ang)  TrustRad(Ang)  Step Quality
@     0.0248        0.0393        1.8528       -0.0020      0.0016      0.0016 (=)    0.09 (Okay)
--== Optimization Converged. ==--

Optimizing the guessed transition state structure to locate a first-order saddle point.
Hessian will be calculated and passed to geomeTRIC.
NEB calculation is completed with 38 iterations